Start testing: Jul 28 20:14 CEST
----------------------------------------------------------
1/2 Testing: TaskTest
1/2 Test: TaskTest
Command: "/Users/niuklear/Portfolio/TaskManagerCLI copy/TaskManagerCLI/build/tests/TaskTest"
Directory: /Users/niuklear/Portfolio/TaskManagerCLI copy/TaskManagerCLI/build/tests
"TaskTest" start time: Jul 28 20:14 CEST
Output:
----------------------------------------------------------
[==========] Running 1 test from 1 test suite.
[----------] Global test environment set-up.
[----------] 1 test from TaskTest
[ RUN      ] TaskTest.MarksDoneCorrectly
[       OK ] TaskTest.MarksDoneCorrectly (0 ms)
[----------] 1 test from TaskTest (0 ms total)

[----------] Global test environment tear-down
[==========] 1 test from 1 test suite ran. (0 ms total)
[  PASSED  ] 1 test.
<end of output>
Test time =   0.01 sec
----------------------------------------------------------
Test Passed.
"TaskTest" end time: Jul 28 20:14 CEST
"TaskTest" time elapsed: 00:00:00
----------------------------------------------------------

2/2 Testing: TaskManagerTest
2/2 Test: TaskManagerTest
Command: "/Users/niuklear/Portfolio/TaskManagerCLI copy/TaskManagerCLI/build/tests/TaskManagerTest"
Directory: /Users/niuklear/Portfolio/TaskManagerCLI copy/TaskManagerCLI/build/tests
"TaskManagerTest" start time: Jul 28 20:14 CEST
Output:
----------------------------------------------------------
Running main() from /Users/niuklear/googletest/googletest/src/gtest_main.cc
[==========] Running 2 tests from 1 test suite.
[----------] Global test environment set-up.
[----------] 2 tests from TaskManagerTest
[ RUN      ] TaskManagerTest.AddTaskSavesToRepo
[       OK ] TaskManagerTest.AddTaskSavesToRepo (0 ms)
[ RUN      ] TaskManagerTest.ListTasks
[       OK ] TaskManagerTest.ListTasks (0 ms)
[----------] 2 tests from TaskManagerTest (0 ms total)

[----------] Global test environment tear-down
[==========] 2 tests from 1 test suite ran. (0 ms total)
[  PASSED  ] 2 tests.
<end of output>
Test time =   0.00 sec
----------------------------------------------------------
Test Passed.
"TaskManagerTest" end time: Jul 28 20:14 CEST
"TaskManagerTest" time elapsed: 00:00:00
----------------------------------------------------------

End testing: Jul 28 20:14 CEST
